23560
74896
139435
195603
349916
352633
379206
540473
689982
732595
751387
913805
954568
1082373
1104264
1144672
1222993
1244734
1260582
1376218
1439973
1443893
1451713
1570715
1813160
1821811
1832141
1890926
1916729
1952802
1965680
2011837
2062162
2115804
2266414
2283735
2398827
2406457
2474150
2776199
2951800
3032716
3177458
3231748
3271212
3681079
3705754
3862663
3930317
3948371
4114825
4132166
4157713
4256938
4326460
4340336
4359000
4680794
4757898
4857695
4898816
4947171
4964502
5024712
5170467
5258776
5296826
5454463
5481345
5498220
5582666
5638279
5775483
5807222
5825129
6102547
6121566
6367614
6497561
6576386
6677588
6728085
6762799
6777651
6810073
6839972
6902785
6948474
7033137
7356984
7373062
7440693
7592122
7607815
7739675
7852504
7943594
7983666
7993253
7996980
8060220
8341255
8488913
8562566
8666603
9037097
9408652
9492431
9589653
9803087
9877573
9909752
10011570
10069677
10242705
10475788
10554711
10688808
10730869
10845818
10928373
11038274
11073754
11304516
11318906
11506366
11647142
11704747
11723953
12056694
12190007
12290992
12521950
12598044
12625566
12676832
12942239
13139165
13153608
13246632
13313008
13313430
13315867
13350764
13359685
13669126
13679750
13689671
13833987
14150857
14261400
14455935
14489077
14490416
14852737
14900770
14946170
14958945
14968546
15337988
15493908
15556794
15594437
15612287
15731678
15816773
15844392
16194869
16410278
16650365
16986325
17133211
17317234
17399526
17439577
17479527
17636385
17666487
17832816
17903133
18127989
18407148
18694655
18709877
18717217
18739519
18968170
18997053
19050808
19577819
19678626
19847133
19884535
20116664
20259245
20625665
20956555
21139719
21161411
21264872
21329051
21348783
21390925
21507236
21707712
21822975
21835862
22265937
22315997
22367843
22400896
22438927
22470495
22503770
22545209
22655257
22730223
22947335
22948204
22950129
23036758
23118125
23139334
23164363
23197768
23358204
23713969
23787636
23870288
23995682
24073642
24212716
24284137
24311763
24351120
24355350
24543231
24615974
24654104
24689184
24735197
24922827
24948741
25299348
25375383
25438803
25449972
25703584
25725792
25888804
25902261
25940552
26008751
26009114
26066153
26093762
26111657
26400168
26429238
26442397
26569273
26761630
26786169
26825199
26865744
26969393
27109465
27230077
27310788
27333023
27420020
27523455
27636266
27689181
27725590
28030999
28154418
28245402
28273240
28395146
28426282
28641134
28718706
28721780
28846810
29037842
29093209
29095230
29134964
29300180
29333742
29373126
29683381
29843948
30070902
30208375
30281551
30343928
30532972
30847475
30968490
31022156
31113797
31143363
31170594
31344677
31726259
31896497
31938914
31941592
32143967
32231978
32308276
32342669
32351509
32568884
32622698
32922455
33263264
33373165
33448692
33529005
33557818
33578736
33798340
33801157
33847767
33902941
34102695
34277966
34362317
34587391
34617231
34877290
34923771
35072631
35323220
35356683
35482428
35784075
35815454
35837741
35862458
36012462
36374672
36395219
36600047
36648949
36776342
36958651
37039365
37159395
37213299
37222701
37228996
37258021
37291558
37363903
37364202
37533275
37845786
37915028
37972816
38207748
38337093
38388462
38459101
38588280
38642325
38652913
38684933
38821315
38829799
38903018
39072174
39124040
39393339
39456500
39489467
39534832
39669699
39709568
39716859
39974101
40285881
40319176
40335179
40500818
40523696
40559073
40620643
40853500
40989844
41145478
41274868
41537036
41577224
41674459
41771560
41971814
41980323
42256654
42397105
42742983
42750078
42980879
42991465
42995701
43307408
43309860
43348767
43354849
43377781
43447244
44164891
44329774
44361022
44666640
44760372
44895525
45058736
45323569
45324045
45369478
45521015
45771341
45906990
46008386
46010358
46055064
46074512
46221466
46234554
46276915
46330884
46349078
46433454
46613526
46726942
46850283
46926063
46930367
47013692
47173967
47241728
47418385
47447829
47580697
47616888
47819459
47909808
47964448
47966322
48076280
48172151
48185909
48825708
48897885
48900183
49004103
49022603
49028491
49061401
49253707
49261371
49359017
49619399
49688005
49690763
49825817
49869937
49981354
50040869
50050214
50289800
50339357
50492700
50523471
50580503
50598858
50621555
50680818
50706235
50954858
50997454
51046973
51055717
51449223
51773097
51811455
51820767
51890674
51911432
52552118
52767530
52913667
53030199
53462466
53538170
53577998
53747378
53754330
53860644
53879889
53898892
54057883
54347069
54505177
54604623
54628163
54739331
54774322
54781029
54782293
55222826
55262362
55268756
55302986
55327323
55430753
55537071
55626920
55816553
56091624
56232964
56254862
56354665
56471757
56490998
56495031
56530246
56570662
56660325
56774809
56899633
56980265
56983756
57015951
57048321
57108039
57145069
57194997
57537213
57724043
57755303
57882682
57950755
58001783
58369055
58417783
58479231
58522862
58569590
58673587
58696424
58806384
59009270
59143382
59144785
59215338
59304028
59396739
59483385
59559037
59681929
59778782
59925347
60046353
60069748
60077787
60175955
60230862
60335846
60433799
60478744
60576738
60626104
60647306
61083203
61102318
61669958
61690614
61770166
61913976
61932743
62239429
62599955
62644283
62694776
62809613
63033865
63284813
63291974
63384399
63725043
63760740
63789300
63841298
63891526
64170743
64232130
64370578
64420886
64461133
64468660
64517451
64809845
65016278
65092300
65249869
65341830
65687544
65764040
65967279
66145445
66295904
66327007
66684415
66989766
66998635
67099476
67269895
67426556
67447071
67461633
67498164
67803291
67845018
67946177
67972241
68052004
68133282
68140188
68147921
68175127
68276345
68294985
68313190
68431348
68665923
68939556
68970363
69035574
69077306
69110887
69209478
69311167
69418164
69557243
69568616
69593420
69646033
69662390
70014891
70354903
70405843
70500524
70581769
70865540
70882321
71003193
71273295
71417879
71489257
71520739
71523325
71664350
71799524
71865509
72200649
72211325
72467117
72490569
72522927
72537721
72645284
72710794
72960573
73046260
73080266
73098862
73334372
73406369
73622970
73640198
74147072
74477100
74477431
74565973
74593634
74605231
74828584
75062408
75083018
75243770
75296724
75303543
75341885
75381401
75444758
75467724
75484733
75516241
76342972
76387188
76513958
76566130
76683823
76739742
76829563
77131613
77136337
77146017
77226965
77234919
77322843
77363286
77618319
77700871
77975883
78263191
78406625
78424441
78504309
78600219
78669428
78696158
78868508
79026790
79041007
79059281
79180210
79325840
79341475
79453993
79458096
79720395
79771480
80019721
80256035
80256873
80415737
80504056
80586359
80614232
80687357
80875845
81345696
81499654
81770400
81938682
82078001
82096361
82196793
82196985
82324418
82419729
82557447
82735463
82783355
82852303
82898359
82980064
83106804
83322613
83486085
83999607
84138210
84626017
84651999
84734230
84755622
84921662
84947783
84978496
84992344
84994799
85194968
85200734
85223296
85266840
85368327
85424603
85441428
85443379
85470723
85742635
85782486
85801386
85849025
85924407
86103759
86375273
86490751
86671342
86819346
86874104
86888732
87035033
87176400
87303350
87436573
87544196
87790780
87818082
87955956
88142540
88193117
88197040
88251655
88275283
88556791
88957503
89192912
89229021
89299260
89395657
89599223
89666264
89859352
89882431
89967888
90178537
90242848
90248548
90907796
90950081
90983087
91177327
91200297
91439011
91681505
91683377
91723414
91935736
91946493
92025030
92074547
92105960
92270003
92369186
92519512
92531067
92697132
92778729
92863102
92872450
93025683
93157163
93228389
93384561
93429036
93446069
93472317
93508697
93526827
93565158
93590968
93594000
93646952
93755513
93794913
93795601
93847669
93874630
93936849
93999514
94096986
94133363
94158988
94636901
94778579
94821189
94868942
94905665
95257995
95357129
95618454
95722676
95767199
96096836
96240666
96248974
96341821
96504890
96555647
96711711
97218047
97567012
97713634
97935240
97941423
98009024
98143955
98549026
98606388
98833031
99098801
99194720
99255160
99520699
99574602
99578532
99717468
99828253
99927836
100038717
100118964
100157515
100251885
100260545
100313865
100468416
100542309
100655444
100859114
101155106
101176817
101200282
101261551
101400536
101418152
101529644
101549098
101697840
101736229
101892410
101971383
101985482
102279230
102355688
102391665
102441591
102783179
102863235
102947572
102966970
103097745
103633810
103656593
103802675
103974612
104056847
104205466
104209159
104415202
104428039
104629410
104800653
104856300
105139789
105242057
105304578
105673085
105704251
105733374
105771798
106161990
106259458
106435263
106453353
106483459
106518776
106673640
106754905
106767130
106819122
106937289
106977522
107126329
107181887
107497307
107585035
107666929
107759971
107815401
107915138
108098943
108164545
108311643
108330496
108341984
108376734
108597488
108634197
108659996
108697637
108704002
108711480
108771360
108819417
109290734
109396654
109753369
109811076
109854364
109867160
110006882
110028366
110139185
110511490
110548187
110552942
110737736
110932440
111028738
111080342
111093251
111172007
111299992
111342693
111478236
111557083
111579034
111880052
112222241
112280531
112422190
112424414
112523974
112546920
112600054
112790647
112821680
112870251
112908754
113026920
113171844
113203473
113379623
113410878
113482235
113551205
113605607
113635327
113883017
114325055
114486445
114512047
114519645
114880539
114911290
115084559
115328187
115441426
115552235
115602608
115644396
115809635
115837537
115839840
115970401
116026775
116251787
116317182
116439087
116597330
116620405
116650352
116801087
116827583
116852609
116855696
116939213
116968873
117219554
117287416
117295519
117594242
117941283
117960963
117984001
118124614
118179796
118271062
118341111
118402963
118425782
118498693
118734540
118815702
118904877
118909713
119048724
119070040
119650385
119877482
119968249
120040013
120086191
120181136
120223146
120231805
120274631
120348808
120357889
120402311
120568734
120671264
120721306
120721459
120735294
121070065
121111637
121131102
121207548
121236659
121354057
121452855
121557401
121666258
121901055
122026257
122152672
122559896
122611224
122652480
122768932
122843902
122844856
122857455
123006231
123275987
123359775
123404472
123412683
123453116
123523700
123572055
124041617
124122187
124144398
124199481
124294280
124446181
124486058
124570636
124815364
124816876
124817944
124839669
124913637
125161196
125173675
125313154
125340561
125350685
125354118
125493907
125529362
125542602
125912390
126036722
126251857
126559477
126658940
126947954
126979924
126983788
127090157
127101649
127293841
127735729
127839582
128013959
128023852
128144869
128305291
128515771
128552121
128622948
128700763
128822200
129093641
129133119
129170801
129171457
129201566
129217090
129245080
130017015
130068651
130383926
130430571
130438660
130464046
130495652
130777871
130852699
131147900
131359991
131396486
131633727
131968487
132168859
132393558
132632960
132717732
132795128
132840245
132994504
133246040
133267007
133584900
134028666
134182431
134254037
134286698
134336675
134438386
134616761
134668323
134833860
134877161
134920674
135060739
135063450
135085585
135395462
135458005
135521269
135642583
135710922
135920908
135999678
136141877
136151458
136165161
136297575
136716499
136981493
137404891
137419476
137424064
137590704
137716566
137751387
137767492
137819488
137820421
137823905
137851435
137955744
137961106
138023505
138024095
138083679
138205161
138250143
138280514
138295443
138367137
138465335
138471067
138504512
138642195
138692905
138699492
138737344
138851691
138926071
138990021
139001010
139185201
139310663
139744056
139925594
140130981
140246051
140298705
140434950
140481464
140524689
140896589
140920990
140929591
140962194
141037975
141069574
141111963
141212524
141270780
141311274
141391379
141410895
141415128
141415916
141440556
141868240
142091736
142242257
142289784
142604867
142640142
142642152
142691952
142833592
142960763
143031151
143177602
143226245
143254450
143333370
143482486
143682628
143720356
143746833
143874472
144001139
144058794
144118126
144125937
144128862
144235926
144262431
144335051
144584266
144917934
144920254
145138052
145188785
145306303
145363341
145371529
145642691
145658253
145795315
146161640
146176679
146292332
146417221
146560053
146593272
146636838
146912110
146995960
147141004
147225961
147231685
147318577
147418065
147593072
147732300
147845611
147860344
147884714
148050936
148066803
148082944
148430560
148505278
148649417
148741864
148835145
148884721
149012094
149113785
149180325
149259407
149276071
149712606
149875721
150014464
150040067
150078620
150398505
150478235
150584286
150587518
150722065
150732124
150745978
150841498
150951827
151217890
151385476
151774024
151788892
151802000
151809061
151847817
151922677
152216128
152293484
152416238
152458642
152906687
152921553
152940326
152953216
152958278
153124572
153358539
153456870
153513645
153523248
153691315
153990521
154044711
154077729
154092866
154350628
154370119
154435778
154578163
154651347
154738579
154739899
154893810
155175052
155317755
155322699
155369697
155402546
155463536
155493029
155559860
155588166
155682211
155740521
155795893
155949494
156135655
156153632
156195845
156200730
156251165
156298748
156517104
156651662
156802006
156941632
156993377
157295786
157356651
157584817
157613261
157679762
157882316
158007023
158120583
158298330
158437374
158537156
158762879
158840134
158931432
158942085
159069516
159119739
159122004
159277782
159284527
159305502
159349706
159362222
159443377
159559652
159578304
159623268
159742891
159817873
159943939
159944728
159982804
159993335
160064749
160086194
160105410
160144015
160203278
160383799
160452343
160508105
160662388
160710491
160728216
160839901
160877485
161054907
161112539
161190145
161228875
161320986
161594317
161619379
161731988
161746874
161852414
161987948
162012605
162334941
162468197
162720451
162736474
162893961
162917491
162977996
162988492
163120940
163214959
163335963
163356742
163516362
163529969
163556820
163556821
163664907
163792843
163936920
163995408
164182880
164198219
164378382
164477513
164585069
164693743
164815940
165155445
165182515
165239237
165296649
165468888
165614495
165647384
165682370
165746116
165906958
165968252
166047643
166130303
166147299
166148464
166276538
166359444
166462670
166516154
166569767
166585840
166738990
166759077
166864153
166865505
166922273
167031021
167079237
167470054
167481527
167575411
167583922
167883647
167886562
168107644
168159544
168386634
168404134
168406352
168569904
168664209
168681579
168857859
169027542
169199220
169247823
169499362
169917058
170003990
170025670
170039782
170049131
170124712
170284387
170341714
170485943
170508850
170539218
170595083
170754128
170940556
171164950
171373120
171400613
171596954
171706165
171857663
171918668
171978737
171991743
172020858
172084478
172401130
172490914
172511122
172555841
172622330
172636995
172755936
172815759
172841868
172844187
173217358
173247305
173337626
173381038
173436992
173452204
174014615
174060331
174269202
174438852
174461630
174462401
174514039
174516383
174805767
174913097
175008036
175015731
175062940
175218458
175284047
175540501
175557674
175611639
175613726
175641394
175763962
175785149
175978452
176085158
176109724
176176063
176339921
176341297
176612056
176857574
177022091
177210991
177328241
177739697
177948018
178069363
178084436
178092516
178140561
178198958
178221155
178242226
178399163
178580691
178640835
178651074
178785183
179007469
179149485
179306625
179372462
179476345
179609754
179692486
179702148
179784107
179788168
179889245
179893852
180027088
180057081
180199578
180215201
180512810
180685288
180880137
181101805
181289026
181362568
181368739
181654076
181860561
181903188
182431498
182638960
182811598
182879447
182955662
183003726
183089002
183205278
183357160
183388813
183480784
183542419
183764272
183866625
183876610
183957982
184177274
184186836
184234034
184311205
184315198
184523192
185008805
185042153
185052163
185275188
185397591
185432864
185653623
185729884
185737997
185779115
185797569
185799783
185805809
185913439
185985967
185987456
186064758
186177712
186282476
186316031
186343820
186386661
186396276
186454600
186462080
186492502
186511472
186728962
186834072
186883622
186993235
187202939
187224526
187579947
187599489
187603125
187977646
188063566
188323464
188339163
188509798
188833939
188861616
189172423
189246709
189255661
189458333
189626964
189685555
189931598
190002659
190075022
190115625
190268837
190325596
190424414
190428449
190634533
190722424
190881058
190965470
191000651
191264404
191341764
191506368
191577942
191725789
191879579
191990556
192104124
192196090
192201546
192244868
192333789
192376806
192561080
192648946
192697534
192764055
192775646
192875991
192905154
192957474
192959394
193268579
193439443
193482243
193676415
193736144
193897361
193921260
193965140
194043248
194084523
194248398
194286984
194327305
194416138
194417739
194479366
194730235
194747061
194764677
195003989
195155557
195256220
195291570
195396460
195401533
195667784
195797816
195971993
196152416
196180850
196284268
196569932
196671286
196703519
197081630
197465278
197717454
197841062
197953724
198163510
198267750
198316611
198358812
198393407
198521105
198536536
198882833
198916159
199094677
199153125
199251642
199267398
199534292
199688886
199846210
200006256
200480199
200488048
200498754
200709214
200720799
200750141
200818926
200824936
201051535
201080972
201085929
201319652
201410730
201505586
201553012
201915777
201958439
202169644
202172229
202540740
202580125
202822930
202871205
203031526
203070063
203273358
203482013
203658325
203660681
203735660
203856938
203988191
204244764
204367446
204468409
204607335
204696177
204836946
204882826
204890295
205128030
205147218
205175016
205259583
205267164
205270869
205329944
205802815
205828309
206072783
206100139
206438126
206537708
206614501
206638569
206736678
206803355
206929458
207182620
207242056
207255684
207501667
207644452
207647041
207847538
207883635
208381366
208415145
208556549
208680436
208916293
208956221
208968447
209194986
209522333
209685007
209703150
209814535
209833557
209873604
210005306
210220328
210236262
210498479
210553006
210654372
210861807
210930310
210996294
211261947
211351073
211625729
211668786
211690708
211948443
211957617
211976260
212058513
212286097
212361006
212516725
212600549
212641339
212722181
212903872
213057768
213240685
213301877
213303156
213701828
213887801
214049089
214218426
214466600
214591773
214787240
214804838
214844690
215243720
215513190
215516293
215733017
215971566
216071738
216086114
216118238
216387100
216437151
216482668
216491617
216745845
216862839
216884071
216888430
217001831
217159026
217259548
217267219
217429747
217569336
217583679
217635002
217894298
217911943
217921477
218004563
218162987
218519432
218525679
218556884
218657783
218798015
218918873
219012754
219071727
219089932
219166276
219347204
219413819
219416272
219461282
219581578
219589009
219847905
220187745
220197347
220580983
220676742
221000343
221307791
221337940
221350857
221392268
221671014
222305601
222345440
222443743
222585586
222645274
222662362
222727159
222894231
223007369
223021043
223118238
223193979
223410065
223495254
223567130
223603161
223617407
223650717
223706673
223761209
223858011
224000618
224031231
224052085
224083315
224087559
224087926
224224546
224384481
224585210
224607884
224858845
224948280
225137782
225239385
225417352
225551498
225598684
225624760
225635894
225651631
225817586
225828143
225962773
226038292
226038719
226096500
226109007
226196189
226208667
226261210
226409790
226437717
226913140
227123797
227156557
227183950
227207698
227235535
227284652
227339411
227630977
228036415
228309341
228358597
228508842
228566665
228605958
228746484
228816060
228843087
228867958
229009169
229063304
229122351
229311825
229314594
229346537
229599282
229674911
229953277
229987722
230189973
230261929
230317388
230521356
230720485
231013557
231474416
231491275
231598480
231713130
231746542
232014374
232134863
232191373
232367212
232392255
232478141
232507005
232539324
232867603
233185404
233218160
233254299
233333277
233483409
233568049
233720183
234351246
234394284
234844034
235003700
235046714
235124927
235364112
235408087
235500355
235521384
235562019
235606229
235606563
235631801
235695892
235791625
235819964
235900532
235964803
235967771
236024894
236107059
236609990
236666262
236726738
236758143
236758245
236984314
237076989
237101733
237286346
237353449
237419532
237439295
237478550
237612633
237722826
237768353
237992620
238065907
238101547
238194725
238259629
238444247
238444559
238680775
238758165
238879379
238960931
239006401
239007270
239242278
239340004
239397926
239423837
239501693
239589975
239734531
239871515
240771006
240884884
241119692
241200412
241226906
241684755
241690377
241797261
241947847
242127963
242157318
242261444
242271999
242338245
242348528
242483020
242565765
242598315
242631359
242645793
242673285
242824217
242920712
243054143
243167335
243416738
243505236
243542894
243870381
243936449
243962678
243981638
244113922
244178285
244309098
244404447
244427777
244552249
244981126
245022337
245212380
245215873
245353541
245432643
245439487
245845499
245896630
245933411
246017689
246284156
246291928
246313512
246317535
246347793
246540217
246609371
246656944
246797253
246808718
246868086
246886337
246977192
247160211
247446314
247504932
247548241
247680810
247745247
248042131
248067462
248071352
248078131
248267400
248332166
248469702
248567011
248609131
248723903
248819323
248974552
249032191
249087203
249089231
249311939
249358350
249443061
249493865
249557299
249565599
249754569
250043900
250097552
250257361
250258316
250344445
250435667
250457192
250504011
250559458
250562745
250617532
250690546
250924369
251073682
251104078
251166481
251208003
251224690
251452294
251633402
251730344
251922627
251993053
252212191
252235779
252277841
252526896
252868900
252943445
252944780
253030081
253197590
253413685
253471355
253488182
253501472
253514521
253536069
253545356
253554270
253560204
253598324
253602588
253691218
253712451
253792892
253794719
253877765
253879919
253905568
253926984
253955915
254058496
254071713
254525292
254683901
254789435
254899779
254949926
255207928
255447615
255513995
255529750
255600082
255930106
256486627
256505870
256659102
256679731
256831138
256870845
256878022
257292179
257468143
257495444
257653492
257673332
257695862
257826072
258003375
258142660
258185850
258244054
258248578
258338039
258483613
258529241
258649491
258654959
258761314
258800856
258970703
259002983
259028507
259145571
259188134
259197973
259313297
259373319
259404077
259488620
259563782
259620067
259650357
259774105
259818916
260238077
260623077
260800176
260821035
261036189
261233119
261417709
261624234
261696164
261866157
262039153
262064302
262197391
262212202
262280931
262357674
262540617
262645311
262907621
263307898
263313618
263348547
263366022
263395629
263401328
263500854
263872552
264158365
264323739
264339337
264553063
264667039
264963784
265193022
265263189
265358727
265526748
265545217
265802790
266104335
266143937
266182489
266321959
266343394
266497737
266754363
266879729
266914494
267014265
267032874
267036942
267082100
267120628
267149752
267184104
267461579
267637704
267651282
267783013
268145136
268279482
268352431
268581257
268661093
268750518
268781531
268917867
269102622
269200020
269201457
269323389
269357454
269390485
269477222
269538628
269583119
269843004
269985499
269988093
270143236
270185592
270191788
270249860
270279451
270330589
270351405
270400826
270543725
270576395
270600597
270963307
271274700
271344399
271436538
271463660
271786011
271891541
271939074
272023671
272463825
272505526
272530312
272543534
272620640
272628546
272679548
272747576
272871252
272921954
273184540
273376759
273450204
273515033
273517251
273560159
273751408
273753263
274061574
274406456
274644664
274749215
274823818
274843791
274858348
274881945
274917687
274921734
274946284
274963767
275071583
275071809
275166860
275231989
275273143
275275571
275351134
275544056
275583228
275595960
275692851
275775731
275914554
276179068
276219758
276314134
276326068
276382602
276431502
276473780
276491109
276544604
276608700
276610867
276678600
276706148
276780004
276822705
276855414
277097432
277295702
277305193
277308929
277341809
277449460
277576462
277675626
277733332
277964039
278119301
278325738
278334445
278403925
278526160
278575101
278578975
278676435
278735062
278765412
279139913
279195356
279264404
279306442
279383405
280137592
280236756
280283033
280578610
280753178
280869765
280870663
280874479
280894642
281232517
281242984
281341552
281389208
281443169
281573423
282233274
282286642
282568132
282624196
282714954
282775926
283035517
283051673
283077379
283317372
283438138
283459575
283469833
283495091
283615498
283638029
283769506
284105622
284135275
284186426
284240721
284333061
284383472
284414279
284639742
284766289
284778084
284837460
285042434
285130527
285273415
285290959
285312113
285453728
285457469
285530163
285775560
285969329
286004582
286473193
286557701
286609134
286677201
286698506
286876860
286909704
287034879
287322950
287346644
287392652
287502550
287650587
287782613
287989032
288032838
288275512
288324887
288477216
288484951
288488552
288550079
288728294
288947781
289018797
289069200
289254423
289323856
289837150
290262011
290337337
290357219
290527137
290624637
290648490
290771195
290799684
290855523
290899657
290933536
291098590
291129102
291143002
291176265
291298501
291355707
291605718
291722437
291755197
291876299
291926309
291952790
292062506
292199022
292202218
292209690
292234566
292333465
292441684
292502644
292542182
292616267
292648303
292648852
292796233
292823194
292859526
292976673
292999281
293163502
293325608
293642730
293741215
293753186
293783185
293792535
293853337
293853601
294191866
294271042
294394535
294470794
294761576
294864757
294915593
294976058
295234426
295303428
295516733
295560550
295624297
295741035
295780688
295785710
295801682
295882810
295944252
296092648
296150072
296174656
296210738
296219222
296249073
296413172
296545634
296565702
296588808
296663018
296714385
296748737
296953635
296986520
297013720
297119119
297322814
297327498
297368845
297513802
297664306
297696002
297896203
297951683
298008229
298092126
298121147
298217004
298250441
298369019
298408559
298499688
298530220
298621839
298627440
299040542
299074130
299094593
299111919
299193671
299372493
299451981
299534058
299740654
299859859
299902830
299932792
300265508
300454900
300757463
300822165
300939306
301084639
301104592
301191302
301395283
301435983
301445848
301698967
301713589
301940562
301985076
302511236
302701805
302742036
302827725
302902646
303228098
303311932
303356840
303455406
303708960
303756991
303760675
303859073
303925990
303945012
303983217
304089991
304428155
304500405
304534725
304675207
304698416
304800302
304820811
304898302
305150713
305164319
305219764
305267912
305593137
305598897
305601544
305941505
306096495
306208189
306591483
306708936
306812063
306849576
306936313
307014387
307274503
307522387
307565664
307738248
308034369
308245301
308301997
308348239
308591502
308764678
308796987
309013984
309047746
309152749
309168151
309175909
309204310
309348255
309385167
309475327
309498989
309615037
309781386
309836234
309866075
309929881
310057942
310074205
310080142
310197265
310274748
310373599
310577715
310628826
310722199
310757900
310775216
310832589
311015593
311033850
311120522
311239674
311299464
311301983
311338107
311469619
311746317
311776077
311849245
311849351
311965360
312112884
312139192
312365179
312469833
312515354
312534079
312560437
312591036
312731896
312753687
312888722
313207124
313218304
313243648
313262281
313377527
313416473
313429146
313496700
313601108
313607621
313611436
313797202
313861020
313930965
313943558
313987027
314084928
314183774
314387407
314489948
314539474
314588086
314774581
314882751
314937595
315072950
315074470
315174385
315217805
315235689
315298124
315339757
315510318
315572843
315654776
315782366
315862955
316144723
316311704
316379728
316390579
316553103
316794645
317030878
317067116
317227687
317307414
317345478
317393190
317620422
317883478
317886723
317938520
317942157
317982071
318000581
318160261
318186925
318405834
318453840
318467382
318694915
318764423
318928972
318992147
319009892
319083719
319112488
319394811
319419257
319432136
319773525
319980562
320018060
320144446
321001392
321045454
321090126
321151959
321168533
321245996
321321500
321403601
321560735
321792992
321814768
321847914
321930101
321994757
322110666
322354317
322416840
322424449
322491436
322527505
322802129
322808364
323162161
323290222
323361460
323388368
323416356
323421112
323516782
323861861
324363666
324499689
324620952
324657420
324668249
324669548
324783737
324853256
324855056
324888707
324991305
325089306
325163712
325207677
325251160
325377538
325529777
325641634
325815312
326063110
326208399
326326323
326334998
326677117
326774919
326786249
326857120
327064564
327072461
327076160
327242003
327360417
327461611
327465488
327590801
327751847
327772222
327948761
328036600
328155398
328372524
328396939
328604040
328898845
329082126
329222302
329322749
329383024
329436352
329666767
329790625
329813146
329847602
330147633
330211246
330388386
330394283
330515457
330557399
330633208
330787181
330824179
330862879
331299592
331308200
331389055
331438305
331484275
331601120
331747469
331779883
332063432
332078634
332178624
332181269
332199932
332333280
332396215
332701103
332836533
333247913
333448854
333619524
333943023
334061599
334085187
334694245
334765655
335097496
335172968
335192587
335208736
335277200
335318606
335772603
335792824
335797428
335803915
335883743
335956272
336259532
336360165
336437962
336510645
336588469
336607759
336631661
336652483
336684942
337059649
337184144
337625640
337758621
338044486
338120262
338275691
338404622
338479205
338505652
338544914
338545393
338564117
338603989
338606953
338770589
339106165
339218452
339225905
339325742
339413390
339433525
339525092
339772904
339904159
340018514
340247256
340424239
340508910
340513787
340610004
340722859
340845336
340930979
340986417
341061851
341147791
341165236
341195735
341231195
341235632
341264520
341464370
341472027
341557708
341756275
341791786
341809265
342118850
342395656
342444836
342570387
342638189
342979630
343000724
343064544
343075957
343260161
343288656
343397089
343599623
343732544
343846903
344315919
344614377
344833079
344879670
344961692
345076357
345120512
345224360
345270631
345346842
345413333
345917019
345919832
345976623
345991900
346018754
346135743
346150604
346151372
346358574
346498700
346659755
347284195
347513371
347559774
347608618
347628378
347631081
347701466
347889623
347959434
347996438
348085998
348125173
348225060
348248649
348409040
348567212
348590084
348707620
348736732
348818492
348952863
349088530
349195522
349311789
349436919
349553550
349970261
350180248
350188235
350214332
350326227
350345424
350431908
350558828
350790842
351049151
351344875
351345096
351360746
351528189
351555515
351608860
351752102
351777931
351823640
351893543
352027544
352058636
352149029
352656700
352755085
352886253
352898328
352941845
352991227
353196768
353591829
354312583
354497593
354846753
354974892
355017194
355128910
355228346
355330925
355451809
355454411
355648362
355724065
355877084
355887994
355908004
356016775
356207772
356228698
356279015
356421336
356548529
356704901
356752989
356832063
356891219
356960416
357148584
357232916
357330681
357337288
357436166
357622526
357843200
358094000
358150979
358230220
358331102
358351618
358405794
358408361
358411665
358490959
358524585
358625346
358728047
358781511
358925289
358999020
359120909
359183678
359353677
359367789
359624103
359759659
359955234
360118049
360232668
360328466
360372663
360507036
360714686
360716345
361029482
361170959
361251798
361479982
361825258
361828540
361855321
362019783
362299180
362344968
362408930
362480754
362574076
362796756
363097291
363456973
363467996
363593600
363689001
363967166
364054544
364122140
364567316
364567399
364707159
365031481
365168862
365498804
365583532
365584128
366098951
366187596
366203794
366357437
366383496
366491287
366493292
366617409
366671066
366776255
366847697
367100175
367118344
367130652
367145111
367401260
367409642
367428901
367552240
367624900
367771278
367806981
368004795
368071132
368164037
368271183
368393006
368427930
368452775
368610696
368735931
368948640
369107015
369126755
369134335
369450386
369466462
369491301
369610124
369664396
369743603
369764185
370084961
370226403
370273987
370290078
370292293
370337597
370454081
370476968
370489398
370499012
370771802
370809915
370975330
371107359
371530298
371736481
371884124
372120433
372223600
372507532
372513212
372689661
372771033
372902532
373120943
373249590
373268047
373298405
373605912
373617773
373797678
374311402
374358443
374388935
374397244
374519239
374590189
374704851
374799797
374810495
374824600
374871618
374932256
374940801
375109434
375137836
375162511
375220920
375259915
375284241
375388928
375451474
375546831
375652424
375665017
376048594
376064533
376080173
376089313
376206546
376224686
376235723
376307141
376477879
376516197
376578632
376668124
376706268
376929144
376942260
377027998
377180001
377286775
377445722
377708691
378015156
378074422
378137002
378234829
378263817
378286399
378503540
378596311
378676392
379110803
379152465
379398554
379487502
379546966
379563153
379567216
379595908
379843613
379973639
380003138
380018182
380217104
380242455
380257248
380493976
380494910
380790371
380994742
381185881
381251699
381270428
381381137
381439087
381599316
381619646
381729980
381909813
381911442
381985137
382195530
382199967
382216369
382321854
382375614
382574659
382760170
382773474
382807888
382826543
382954846
382985455
383025089
383108077
383153552
383206273
383291915
383303033
383336692
383341495
383415453
383504535
383637532
383864286
383979148
384131694
384144061
384149602
384177075
384425166
384444492
384855068
385028839
385152782
385157039
385274047
385343270
385617639
385620741
385656186
385661657
385677511
385861980
385994708
386012976
386242794
386261030
386351111
386496090
386497130
386606751
386636669
386643335
386735503
386914155
387103908
387119462
387448680
387529360
387637599
387639316
387851528
387857121
387901231
387925383
388041470
388057096
388155217
388171098
388202523
388286168
388498824
388654779
388682136
388782040
388837594
389136594
389150907
389190916
389306981
389325046
389378142
389423982
389429114
389429450
389607849
389720019
389740711
389901415
389943503
389964258
390003625
390112316
390255580
390394520
390477023
390558160
390602025
390639308
390640856
390706078
391046899
391093014
391119110
391332073
391348565
391616375
391750295
391928754
391995185
392015215
392199776
392265099
392271381
392315574
392338442
392510785
392640589
392652240
392676822
393298763
393490159
393579985
393629603
393657340
393753078
393832283
394000265
394051011
394057755
394077631
394178000
394426744
394472031
395225136
395256570
395296297
395424611
395474559
395527738
395599721
395678510
395704002
395811460
395899284
395911871
396048943
396071046
396199783
396220736
396266395
396361166
396420656
396472246
396861253
396870042
397019259
397029550
397274525
397422510
397424192
397461158
397521225
397560031
397590780
397605120
397765656
397827271
397871440
398277646
398312182
398410744
398536002
398788734
398812522
398815392
398854394
398924933
398996803
399447054
399487494
399677574
399804764
399904435
400106305
400384957
400402424
400586337
400706917
400709577
400870605
401132659
401310659
401427873
401494817
401526622
401641469
401896321
401968740
402132502
402156852
402191867
402311458
402348206
402386011
402729890
402777246
402811191
402829295
402946135
403119785
403161872
403207330
403278356
403510827
403573839
403618765
403772192
403832877
403834177
403957641
403963825
404061332
404338352
404362437
404390017
404406464
404425759
404567559
404677000
404684604
404782767
404788423
404970460
404989498
405069341
405108291
405192161
405361788
405470924
405502539
405568123
405650182
405839058
405873593
405898096
405985119
406018901
406051791
406134577
406299152
406347865
406365672
406404362
406501140
406506753
406757782
406759380
406776277
407135100
407152466
407269492
407302985
407426297
407500837
407587564
407698488
407832876
408162123
408192904
408218300
408364271
408470307
408496462
408544850
408600540
408702617
408715994
408766400
408814878
408895594
409114093
409169739
409183201
409228646
409246050
409273773
409394059
409553702
409562362
410416391
410433450
410434100
410620538
410641245
410684488
411001438
411367194
411445522
411501788
411656949
411830339
411854626
411890535
411966546
412007221
412015565
412075676
412159201
412358879
412642196
412817607
412874909
413145653
413178377
413199424
413261561
413293518
413304711
413359618
413378050
413405115
413430326
413467771
413516450
413855200
413902231
413923951
414004711
414006801
414144961
414419250
414588559
414605400
414643879
414726476
415154805
415236224
415250789
415495088
415639501
415691177
415779276
415975410
416157476
416195073
416283843
416355306
416434331
416470406
416650535
416950711
417082118
417163696
417787460
417931300
418006374
418306297
418500398
418544010
418600279
418755950
418813715
419285694
419429896
419480651
419594801
419801161
419941572
419946522
420251996
420272636
420406678
420531731
420640203
421002175
421154933
421337666
421464727
421499949
421628563
421634333
421942813
421966633
422191674
422388834
422464956
422622200
422654792
422763886
422787420
422934606
423022020
423078069
423111044
423156011
423162026
423167499
423601365
423701761
424010059
424237388
424397892
424422907
424458534
424607536
424748693
424916841
424919514
425000676
425066699
425114700
425352208
425355074
425582737
425648529
425657262
425789304
426043053
426120568
426121601
426155612
426195400
426221823
426262354
426378863
426430369
426713296
426792023
426863922
427081312
427184479
427396965
427419993
427512716
427544800
427709875
427725403
427802912
427926468
427984440
427989389
428249869
428452045
428571826
428732007
428760722
429093598
429104319
429190786
429279724
429501911
429511733
429635861
429650857
429688094
429697179
429752048
429754699
429879190
429908697
429977445
430045733
430387493
430391811
430440561
430637857
430906868
431094432
431133896
431430478
431687760
431698588
431756992
431804985
431855806
431942661
431992797
432104981
432278459
432397909
432404222
432658507
432659799
432732868
432748769
432770301
432793696
433199572
433388332
433401575
433405610
433445022
433652591
433655240
433683326
433887150
433940310
433986437
434077453
434268726
434298392
434483756
434581816
434632627
434748985
434844380
434871432
434919691
434922173
435178814
435181268
435262165
435374641
435460497
435573131
435714915
435735487
435913860
436036026
436064035
436168701
436446863
436573124
436576286
436620146
436645979
436652341
436714322
436874244
436887727
436918067
437094871
437177283
437496962
437835299
437888886
438131793
438199272
438227598
438251703
438262875
438442945
438459255
438509215
438798036
438904040
438916741
439004676
439159519
439286093
439430964
439699061
439898439
439996511
440211699
440236757
440375421
440460436
440476108
440654359
440662535
440862408
440926684
441031214
441072791
441133855
441138875
441139998
441196387
441247211
441396693
441414601
441487597
441633786
441710711
441950119
442293520
442336632
442517405
442545112
442692980
442731661
442777696
442901905
442920165
442950526
443005854
443187244
443325184
443339757
443371228
443456702
443689221
443793612
443891932
443968085
444005349
444049172
444129559
444138274
444168195
444306841
444380264
444460427
444470085
444489748
444576358
444692403
444806604
444867818
444878635
445041416
445102313
445351864
445422840
445551737
445653219
445712563
445868159
445870376
446045937
446203972
446208480
446273678
446299489
446344675
446593238
446731523
446879130
446926113
447217319
447218882
447303138
447352818
447409536
447425094
447661530
447717209
447745100
447752105
447789364
448136135
448250333
448537249
448593327
448700314
448955820
449082072
449083751
449275029
449324994
449339304
449467942
449646422
449751044
449782653
449840131
450066798
450099006
450180416
450235404
450266346
450522065
450564915
450599933
450726151
450931891
450960029
451058986
451257194
451286777
451301906
451358941
451360091
451360260
451412632
451416942
451480807
451554483
451659698
451697313
451967039
452063384
452277229
452278088
452423981
452608896
452817023
452820858
452943859
452965770
452976077
453079733
453336677
453446284
453470549
453510731
453517533
453759546
454359714
454544542
454840842
454876162
454876576
455198382
455298276
455365025
455382651
455413994
455617679
455856331
455896751
456441175
456506912
456636026
456731897
456827633
457158184
457232678
458202430
458277885
458324074
458365888
458389251
458412429
458554599
458658380
458971367
459215085
459393977
459461775
459537290
459673729
459704210
459707713
459708985
459748371
459837756
460066330
460079682
460310576
460407461
460622229
460638968
460735707
460807433
460899289
461073801
461344352
461479981
461594657
461599175
461685248
461735284
461787580
461817324
462068777
462178802
462314919
462428037
462947085
463124222
463246452
463728658
463817834
463897747
463918493
464011329
464132396
464157522
464201970
464827493
464837576
464871731
464940405
465024639
465033264
465164166
465170149
465370482
465494082
465590108
465717500
465914271
465926621
466039853
466083547
466173627
466247026
466428361
466784056
466852809
466861876
466914084
466946207
467184416
467229950
467387904
467506905
467807856
467897272
467982161
468086250
468233204
468245735
468421949
468759325
468899833
468909832
468927981
469037739
469104707
469211952
469223702
469259817
469273557
469283908
469320611
469385982
469414190
469486229
469578905
469925310
470031360
470054970
470096748
470121306
470189558
470302522
470444886
470481732
470660574
470796622
470862153
470887330
470892256
470925784
470974126
471040638
471173049
471332656
471918944
471951683
472031394
472080849
472094482
472325168
472490072
472527197
472601385
472786089
472890751
473097900
473158162
473216817
473228862
473522371
473809944
473840434
473846956
473908870
473956511
473958807
474030953
474513397
474658777
474720727
474740977
474859176
475024170
475063512
475272432
475471112
475554025
475651071
475827304
475832482
475980336
476179415
476233464
476360074
476500127
476548687
476556404
476571891
476707856
476734902
477353784
477419673
477531073
477551631
477647752
477655301
477763671
477901999
477913320
477975769
478031330
478160740
478162853
478213457
478284329
478301347
478398543
478408857
478457728
478506344
478536527
478579917
478730806
478741421
479096160
479305120
479486956
479619300
479632761
479700583
479735965
479751076
479771899
479784702
479811097
479852774
479937352
480026572
480289440
480335160
480411083
480595240
481062411
481297105
481456425
481482153
481712410
481989476
481998867
482015729
482017195
482064834
482079793
482116710
482261283
482304649
482382504
482395262
482551748
482646412
482763236
482768329
482818384
482819448
483066611
483106378
483198301
483291162
483319277
483359623
483494692
483550016
483754258
483804282
483818055
484428280
484563698
484603061
484650338
484702801
484729910
484773751
484779044
484836118
484983404
485067217
485223792
485356726
485604314
485660174
485691355
485752630
485791376
485800184
485866270
485975293
486046957
486365841
486371494
486414366
486521260
486548736
486672566
486686191
487121568
487141137
487276940
487549528
487562744
487591034
487646513
487915663
488078790
488081437
488223787
488317842
488426798
488533476
488579285
488617654
488822672
488988082
489046004
489104412
489214555
489274849
489298990
489370269
489580405
489611117
489667906
489853693
489875821
489987447
490154045
490292952
490340334
490436015
490543682
490585916
490627954
490781519
490783028
490821240
490980175
491221148
491346866
491359410
491383609
491488312
491716598
491827764
491973408
492080398
492097226
492383155
492505586
492785593
492861437
493018321
493033041
493206942
493387762
493394451
493521482
493767973
493828643
493904181
493918246
493932311
494431652
494611907
494618912
494659996
494735123
495015632
495283045
495364447
495376420
495421492
495617172
495663266
495895965
496014021
496089184
496193823
496211938
496261759
496295461
496305391
496367941
496466130
496490099
496500348
496689147
497047514
497144092
497151649
497156919
497184382
497287975
497325713
497466068
497529226
497549049
497561782
497644084
497953292
498086407
498104711
498290099
498400236
498497878
498508837
498576789
498833819
498844912
498894548
498944275
499145257
499446506
499467549
499484395
499510293
499638470
499717381
499765207
499826953
499884370
500169928
500183550
500242613
500274255
500278510
500287947
500449256
500502331
500588080
500712015
500781554
500806254
500833769
500866699
501215600
501461970
501649236
501799830
502174830
502198295
502255084
502264550
502378247
502425080
502593349
502746674
502869271
502913562
503129700
503140509
503275064
503363364
503421260
503440869
503787801
504295551
504619708
504693002
504693950
504718485
505015306
505022567
505048426
505207552
505315379
505418739
505663538
505666435
505696007
505780029
505798803
505810604
505842238
505990817
506217212
506436501
506462126
506591487
506881989
507045626
507075446
507101485
507304780
507401939
507464615
507474405
507559602
507572730
507600199
507634455
507708882
508038389
508040375
508079190
508105653
508112523
508115762
508162813
508346972
508370306
508380653
508735885
508755874
508921286
509131692
509150316
509278782
509473879
509595172
509677750
509705450
509844126
509874949
509952547
510136408
510171309
510176629
510204605
510321253
510380470
510546662
510676294
510710982
510807382
510816372
510839088
510857170
510863715
510867263
510962582
511022945
511077799
511194924
511250275
511331565
511340108
511340792
511377182
511448034
511615503
511714558
511877263
511969081
511984885
511996411
512087678
512166953
512232721
512339112
512741495
512824928
513010590
513034534
513038982
513042098
513056126
513228163
513317518
513369912
513510788
513671709
513790603
513796464
513991046
514056356
514187895
514333971
514726393
514788778
514936001
515056867
515063413
515096917
515207007
515307758
515344100
515414800
515759146
515957727
516033481
516151181
516195229
516284141
516303084
516380810
516486818
516550247
516924696
517047136
517063314
517081936
517093856
517174917
517327361
517371869
517393654
517472047
517558642
517599466
517703056
517787725
517845825
517915012
518072463
518167915
518271326
518280205
518434242
518434995
518491937
518606620
518635887
518776114
518803007
518890388
519376654
519441777
519524870
519534434
519732872
519762767
519776200
519783632
519812593
519920475
520067115
520074491
520247364
520258844
520426151
520545627
520691653
520773772
520799130
521303690
521447046
521710413
521751218
521794959
521803877
522208118
522365038
522392214
522522167
522537835
522632110
522807469
523197022
523395340
523486739
523548508
523605098
523847842
524034817
524068599
524104869
524218385
524336970
524353368
524364999
524774098
524827605
524888061
524900343
525051189
525060523
525109239
525115142
525138822
525160433
525349868
525408206
525452871
525502659
525553820
525600462
525668150
525694814
525972437
525991061
526272774
526299734
526374919
526394625
526420958
526778472
526928348
527047337
527101000
527111575
527208798
527287706
527848048
528124753
528868823
529312276
529347568
529482255
529646648
529851231
530259824
530371587
530480448
530549700
530578149
531133183
531227292
531584196
531637848
531651743
531758913
531762317
531772918
531811432
531870452
531893427
532221824
532224409
532543214
532619205
532799467
532852329
532918200
532921895
532922253
533082640
533103237
533185527
533348892
533367439
533476077
533656383
533666916
533690500
533742376
533839670
533842923
534140773
534255428
534264045
534268486
534361089
534569175
534616084
534657449
534681804
534719133
534761742
534796667
534813702
534815719
534916646
535010254
535082937
535190558
535355044
535375097
535530944
535653981
535754576
535845245
535847322
535995340
536156954
536233622
536345503
536446843
536500446
536507767
536779445
536836546
536928058
536935618
537087662
537581768
538044087
538282906
538292627
538355905
538458748
538542605
538677351
538710126
538743194
538862564
538965700
539036336
539065619
539326945
539498680
539514458
539565263
539663711
539690887
539813538
539816453
539903763
539993954
540089227
540132123
540244120
540572212
540630389
540659505
540693093
540849589
540890429
540920859
541109424
541184004
541491435
541623506
541709729
542020371
542020581
542200697
542232452
542290722
542430288
542443241
542556579
542562491
542673551
542697572
542807277
542911169
543119107
543214578
543223375
543245044
543251722
543267682
543278119
543304111
543321305
543590842
543711273
543715290
543744380
543802474
543810918
544012896
544037677
544053602
544263933
544320031
544461458
544549187
544583732
544652489
544888574
544925468
545315555
545336307
545349266
545355220
545401569
545402984
545464950
545590904
545851513
545989499
546040645
546059673
546099128
546187154
546230031
546266541
546444931
546447977
546475581
546477980
546535942
546548953
546565401
546590404
546822715
546936251
547265725
547281193
547299853
547424632
547440982
547630879
547987090
548094340
548154978
548295990
548330025
548366283
548423855
548447512
548514382
548536766
548579608
548593134
548722955
548782642
549026067
549077638
549092771
549127845
549239332
549379501
549391624
549496742
549504305
549804640
549923988
550172271
550200557
550218839
550462766
550590004
550721539
550739951
550743802
550763167
550836622
550838091
550849391
550931146
551166271
551225935
551307094
551460019
551468798
551518924
551650696
551751758
551888752
551932571
551958911
552292662
552325196
552408524
552454911
552503406
552581107
552602150
552931979
552999111
553059599
553158808
553433912
553434566
553558280
553627763
553820093
553833669
553898586
553955823
554073263
554175741
554261904
554425524
554426546
554524429
554574728
554754053
554930531
555283499
555382557
555553134
555585560
555605384
555758319
555820351
555930302
556015388
556142231
556163507
556302854
556468822
556556893
556721290
556785514
556801662
556865674
557163642
557210832
557310657
557332940
557401009
557840008
557859694
557871193
558045283
558179239
558394390
558437323
558507875
558507994
558809395
558849746
558857658
559066372
559168124
559319146
559353609
559360787
559366121
559776183
560090418
560144772
560246361
560429728
560493143
560546803
560893106
560941671
560976998
561363283
561600006
561721111
561757359
562047701
562096940
562101911
562144286
562218329
562219181
562405456
562597190
562612285
562784291
563134518
563160768
563336506
563344433
563469892
563471280
563517464
563535841
563574543
563853359
563854048
564025013
564109138
564122221
564321573
564388734
564393385
564785113
564803179
564984257
565001237
565037072
565145457
565146835
565170855
565177244
565241065
565243657
565443719
565774323
565840186
565905631
565960289
566114038
566127759
566199072
566254589
566310317
566310728
566420257
566528703
566573792
566615959
566818132
566923238
566948577
566985114
567047462
567207513
567251655
567335018
567682552
567926628
567991632
568048326
568183466
568226371
568249934
568440502
568589113
568954181
569071617
569164972
569203313
569214647
569473637
569603176
569653149
569943684
570176941
570327420
570556840
570730335
570755292
571024944
571097320
571211038
571236738
571841019
572144687
572493054
572496584
572724210
572730369
572757926
572849039
572882734
572993715
573526979
573684636
573717474
574010248
574084576
574094515
574130212
574152070
574166328
574174708
574370156
574393310
574570533
574827555
575174651
575229550
575683120
575726169
575862020
575956804
576115326
576269601
576598133
576859710
576957110
577002546
577016741
577071540
577217149
577254639
577284112
577296231
577354079
577374707
577394537
577445313
577451268
577578778
577615163
577723978
577821660
577985881
577998859
578374749
578535521
578757336
578861319
579011979
579206407
579430019
579556965
579619717
579776485
579782322
579793560
579990852
580109321
580109434
580246103
580301534
580362936
580364908
580415712
580588420
580641307
580672890
580900454
580996253
581180781
581260775
581436439
581586615
581688752
581700989
581741543
581910770
582050110
582066715
582097446
582180248
582208875
582214505
582345378
582504462
582875262
582879949
582911043
582930903
582950029
582983406
582993245
583031113
583065712
583134834
583648241
583670882
583707676
583957097
584138521
584184467
584223965
584242085
584271424
584317282
584357739
584540689
584577305
584757745
584847407
584877333
584953926
584954969
585069917
585132375
585413002
585442018
585555244
585644367
585653187
585662250
585672215
585794262
585795697
585883708
586115060
586168143
586189588
586190270
586436603
586545362
586632779
586715374
586896631
586976378
586992613
587120381
587169570
587195749
587314937
587382390
587585455
588009740
588031924
588035550
588036361
588461301
588590608
588625339
588664278
588745332
589305917
589360091
590163294
590204081
590353631
590400319
590875610
590953880
591341255
591386169
591484109
591536031
591705426
591899118
592074616
592236619
592397941
592557833
592700562
592717669
592885879
592998727
593042836
593140547
593145960
593232772
593270037
593339389
593585572
593665035
593735633
593765219
593799364
593879305
594075477
594488665
594488775
594500095
594647508
594724587
594767610
594967874
594998379
595033527
595034650
595083381
595177593
595179536
595305987
595317368
595343941
595394372
595420565
595470144
595828204
595832642
595882819
595937736
595963517
596050473
596161420
596240036
596261201
596300446
596460786
596510131
596631250
596639551
596782181
596834993
596849627
596916676
596992262
597171929
597176785
597336347
597990536
598009530
598010696
598047940
598166938
598263508
598294003
598324891
598578203
598634692
598772664
598873430
598881974
599136560
599469886
599488616
599613381
599651674
599710550
599827070
599837786
599939652
600067343
600505979
600543153
600574446
600638434
600811316
600869266
600916446
601136534
601398927
601466614
601522357
601541179
601565849
601581716
601674430
601897278
601929045
602123349
602126403
602174420
602305097
602308722
602507206
602600806
602658833
602686708
602843265
602929779
603093288
603353627
603375070
603403544
603518412
603635398
603651559
603677890
603712337
603773164
603858637
603955672
604035972
604063632
604082488
604139145
604149263
604281726
604397388
604495040
604693577
604724634
604968407
605018182
605126461
605288014
605290775
605409346
605438804
605716017
605757349
605994855
606136737
606142569
606330777
606352485
606356346
606518547
606545929
606668357
606686368
606770165
606805522
606936154
606955031
606982671
607144429
607262162
607262321
607284452
607367338
607371261
607401379
607453384
607479925
607651460
607659606
607835447
607860318
608484974
608536767
608574682
608856293
609079413
609080516
609143063
609154966
609193768
609393389
609483953
609580578
609608580
609732318
609740247
609777779
609938389
609964349
610010577
610383395
610477948
610572723
610679025
610706314
610782219
610814114
611030219
611048564
611143814
611279742
611504630
611592860
611838544
612135766
612145435
612460156
612583290
612767478
612775193
612803041
612898689
612995699
613010869
613048042
613117429
613179407
613245866
613330667
613352146
613378111
613413532
613599094
613671719
613676600
613818291
614165092
614220838
614238225
614509584
614547643
614663782
614899921
615086109
615167078
615168952
615175298
615213463
615551296
615598599
615624673
615696020
615822405
615882657
616082837
616090861
616145729
616198663
616528607
616668488
616764661
616801552
616804430
616972928
617099620
617485135
617639138
617771432
617838145
617924532
618144519
618153831
618268359
618276265
618315273
618687716
618726622
618727636
618801341
618848478
618945205
618956659
619065141
619070130
619221076
619514723
619572524
619631184
619801742
619922808
619954831
620120496
620123504
620244469
620366122
620393948
620424860
620440143
620572654
620599635
620668771
620839291
621098877
621157120
621215109
621263612
621271120
621471071
621794822
621961081
621964080
622054695
622096191
622168153
622168339
622188642
622241304
622245279
622298379
622375986
622397339
622544761
622545586
622793883
622824636
622894855
622921799
623041800
623125656
623549516
623554352
623628134
623666061
623903724
624013304
624114159
624149901
624204479
624305460
624567102
624578150
624620493
624733741
624783418
624786338
624807371
624851882
624930805
625214887
625255637
625576738
625604936
625632666
625633153
625918170
626058039
626160509
626277179
626398982
626466297
626507335
626626696
626896024
626965998
627024491
627055720
627103610
627123640
627212337
627244544
627470475
627578089
627716260
627812321
627833630
628000098
628107288
628267532
628343357
628390625
628392345
628638446
628750801
628762405
628806851
628815511
629122504
629243615
629440572
629529518
629801258
629875842
629903451
629993545
630017047
630356365
630386558
630479388
630494570
630560317
630599081
630655665
630863777
631132103
631235619
631313026
631393885
631486260
631573547
631731866
631775857
631928555
631954127
632177926
632206152
632368008
632416231
632536141
632596750
632611389
632625952
633015995
633084804
633240155
633436705
633790541
634118544
634140877
634189865
634261627
634312269
634387489
634496347
634517869
634683753
635282082
635481716
635500201
635573785
635684179
635724144
635931880
635934831
636304693
636427593
636745294
636747645
636813311
636964379
636973050
637397335
637517187
637523216
637643036
637650792
637659870
637672170
637792849
638001494
638003851
638116923
638314161
638421683
638479588
638518535
638540866
638725286
638744708
638803185
638855933
638877450
638934664
639009122
639022263
639102663
639147286
639284979
639407927
639420281
639612715
639622376
639829114
639942006
640095093
640108851
640109173
640172724
640227726
640431896
640481579
640722359
640800368
640889298
640915691
640981350
641093476
641136160
641173377
641384731
641535346
641572891
641589972
641673303
641774230
641848907
641905366
642201309
642467560
642701982
642782658
642930298
642954113
642997691
643109216
643197117
643265752
643359495
643444508
643717609
644007040
644034651
644062380
644139285
644189397
644218356
644267114
644555830
644898992
644968371
644970378
645121934
645151325
645389616
645486790
645515452
645887267
646073792
646117443
646191514
646274612
646391999
646398126
646398564
646526848
646564533
646589211
646665080
646750584
646765393
646866810
646901177
646941149
647163213
647387454
647465662
647574188
648043634
648049370
648050170
648056359
648063037
648220931
648276266
648321146
648368133
648376353
648493822
648497461
648878595
649028179
649282236
649294481
649620801
649654922
649761676
649784630
649807306
649871258
649927335
650067796
650084943
650241410
650259100
650494936
650574912
650578282
650630447
650745399
650971857
650985884
651123346
651163825
651267153
651330073
651442354
651445719
651479763
651501485
651617143
651723184
651844941
651932141
652005986
652120052
652212057
652327028
652400117
652554807
653167283
653305968
653369213
653406134
653425347
653586587
653948105
654071498
654353432
654514500
654523795
654589521
654593044
654665541
654743087
654933978
654984704
655147914
655346780
655444181
655461741
655834441
655930783
656273658
656559377
656733895
656737118
656906372
657034599
657173095
657336698
657407170
657498583
657640660
657666622
657671280
657845297
658128861
658152739
658446907
658522072
658635655
658754713
658776552
658801822
658986066
659071914
659315433
659612466
659626875
659987480
660052573
660126136
660400291
660429113
660490115
660578955
660680867
660705629
660708424
660817045
660901392
661134721
661166294
661178782
661289283
661365557
661408324
661408823
661770311
662007048
662336297
662373019
662437816
662489818
662546321
662575985
662719901
663050965
663069800
663091440
663219072
663716275
663919084
664048362
664071986
664176828
664242872
664407524
664435946
664501481
664585218
665074851
665260373
665297997
665315657
665568089
665649976
665739356
665955725
666148572
666180187
666215139
666223789
666279950
666306518
666535265
666646567
666672661
666782702
666839143
666853573
666870819
666960117
667125139
667232370
667435594
667539726
667570710
667658086
667753328
667796358
667829202
667853205
668055815
668250747
668261543
668283242
668315450
668402104
668492684
668688627
668718077
668733351
668900111
668964091
669392474
669473879
669510065
669760403
670165225
670186541
670350667
670407154
670471719
670529793
670931914
670932041
670943598
670987119
671088699
671332687
671365838
671417842
671482555
671512368
671655614
671749732
671917004
671927518
672232119
672286866
672507235
672659322
672705686
672836405
672862596
673102920
673208410
673250337
673286636
673340689
673387211
673428753
673552878
673563092
673630550
673640608
673677396
673753280
673770166
673792974
673976377
674203093
674249442
674296852
674373279
674374822
674381608
674388134
674401237
674543764
674560760
674628462
674715691
674865721
674967768
674979495
675045763
675051499
675147204
675206276
675263365
675475610
675592580
675886525
676131594
676333971
676914055
677242435
677251259
677292655
677550972
677696794
677920669
678015356
678355874
678416585
678691080
678868485
679200995
679383536
679575978
679855383
680033052
680061596
680175256
680257479
680279752
680430826
680434226
680572851
680595987
680721477
680860282
680885721
680893467
680923729
680939403
681192225
681542070
681674565
681746344
681774754
681939098
682353818
682398738
682430485
682522148
682576150
682667530
682815386
682898557
682990652
683121248
683189903
683198538
683212657
683282582
683320656
683563293
683759659
683777306
683890424
683986223
684283565
684317235
684401798
684739655
684793764
685175767
685197694
685289358
685309645
685647478
685791108
685917016
685991340
685997969
686042513
686225701
686352767
686361188
686463597
686477687
686512710
686524785
686550355
686574380
686868342
686868840
687018622
687020870
687108605
687320084
687435935
687483724
687514692
687545743
687624779
687808901
688081242
688136461
688154742
688257563
688375697
688393669
688415286
688620056
688633618
689037967
689245002
689602017
689829949
689860380
689911150
689937142
689939825
690482329
690544691
690779885
690871617
691067474
691150611
691270551
691275754
691520182
691562796
691563201
691575732
692185139
692271835
692276230
692447129
692491541
692514116
692640363
692656764
692862506
693076649
693150154
693197206
693256659
693293958
693449566
693686266
693818884
693826510
693895504
694049794
694171038
694290941
694355687
694428924
694531894
694815715
694816329
694827602
694937533
695119439
695271032
695322527
695383934
695558721
695986024
696074378
696078124
696328612
696520738
696608317
696842811
696883638
696978190
697058020
697220063
697222652
697282386
697290865
697341514
697524820
697563791
697638993
697733185
697769837
697850402
698096771
698381712
698458231
698519550
698599040
698613829
698635716
698781313
698882335
698898970
698940684
699011049
699033664
699035821
699319551
699334186
699495622
699572283
699611387
699646763
699962538
699972266
700016328
700145040
700188544
700264946
700278306
700457886
700548061
700598788
700631421
700649637
700666057
700857245
700896672
701018542
701020431
701321624
701364551
701402133
701556862
701621909
701739869
701796227
701878660
701885819
702019995
702104123
702340828
702355135
702449639
702472300
702622567
702875522
702942666
703183393
703262460
703384070
703407768
703493234
703509135
703526749
703696117
703847173
703940589
703985864
704246601
704492284
704890115
705036026
705216687
705217140
705282668
705373493
705397512
705485325
705520856
705570616
705578582
705688532
705791623
705805886
705830522
705865788
705926833
706039214
706072018
706176099
706294327
706453514
706580296
706831655
706935065
706967378
706972471
707004472
707084544
707266454
707286563
707453617
707642173
707675810
707831292
707942899
708005658
708040571
708160507
708168945
708516597
708618038
708670832
708723905
708838366
708991930
709142857
709157848
709323628
709721404
709729811
709782795
709791310
709817503
709953400
710080300
710240002
710369312
710632679
710718023
710867180
710922182
710954968
711067246
711125368
711335497
711400971
711558135
711590827
711775142
711910754
711932014
712154935
712162985
712167360
712227228
712272573
712369119
712629235
712658364
712660814
712691287
713042299
713044038
713129874
713389172
713391799
713526306
714079867
714140381
714403699
714419159
714634442
714638073
715047516
715259583
715361399
715396350
715451594
715468193
715554685
715567322
715594858
715712826
715836393
715993458
716009033
716016678
716211631
716226960
716258634
716310210
716342428
716347975
716396867
716493418
716503861
716547970
716560167
716591803
716610479
716712960
716757733
716766791
716788504
716879758
716893044
716969509
717020622
717209437
717243740
717337400
717392743
717406777
717877558
717899077
717903448
718078105
718407836
718514769
718801484
718847581
719013236
719086093
719111772
719120760
719132272
719219477
719335491
719347704
719350888
719512616
719696822
719766974
719845618
719981356
720165771
720223387
720284853
720354283
720468423
720491559
720646663
720843267
720946347
721045425
721089901
721107467
721168106
721195708
721323724
721525572
721555879
721601262
721619424
721625041
721937535
722148001
722250064
722308742
722556646
722673465
722694974
722749529
722762659
722779214
722782066
722787558
722843571
722847393
723168783
723175534
723642074
723721264
723794543
724066853
724312377
724418501
724516479
724612145
724658413
724723613
724730618
724770603
724806179
724974271
725059427
725102973
725239413
725536703
725603376
725659352
725669872
725760572
726060555
726117360
726341339
726425220
726439561
726462777
726562014
727058657
727081683
727255167
727344971
727549395
727676481
727704070
727714535
727841442
727928066
728047026
728065945
728177907
728213597
728463369
728523560
728600734
728615594
728761013
728769425
728809323
728878851
728908647
728944635
729096438
729189359
729260653
729318122
729469298
729579239
729605420
729641015
729860989
730353768
730475791
730498399
730503285
730690612
730933059
731058341
731122594
731138933
731234985
731252372
731279237
731657428
731659337
731659462
731697392
731785801
731867516
731927644
732002774
732117592
732158324
732399035
732436343
732454663
732488115
732534971
732589422
733077604
733254350
733315337
733384513
733429068
733467457
733525277
733611752
733624436
733633274
733826651
734005868
734024403
734075120
734239197
734337941
734388518
734549677
734616603
734722386
734794533
734811177
734927709
735168004
735185675
735235504
735237288
735258195
735312209
735328159
735377089
735792296
735886208
735919976
736076409
736274439
736420043
736447555
736566165
736642843
736714864
736835376
736838157
736877015
736965394
737121950
737125555
737127784
737201467
737203489
737275297
737418254
737445993
737485598
737515930
737518714
737644304
737674504
737688507
737931458
738054790
738151760
738623530
738748810
738762418
738776605
738783088
738952192
739042350
739212121
739275591
739306539
739448799
739479299
739620804
739717425
739921020
739929058
740109899
740187477
740271878
740290307
740300188
740381649
740415524
740418465
740720982
740893307
741006826
741050395
741138826
741225579
741266728
741287551
741478751
741479709
741507381
741513318
741580914
741621308
741833403
741871444
742072961
742240077
742249972
742317184
742421772
742438561
742521446
742542268
742759296
742775206
742868000
743293920
743304296
743340766
743342202
743529492
743535129
743713461
743783213
743887198
743940904
744068228
744151119
744169347
744174194
744370154
744388338
744456812
744500084
744565221
744703508
744823573
745117665
745134285
745164443
745165073
745176117
745182280
745319107
745324479
745571121
745731244
745800361
745804372
745855860
745866890
745898251
746093673
746383704
746383942
746535296
746674317
746984513
746997359
747136873
747231299
747235381
747268530
747346032
747355819
747505083
747533199
747588986
747947190
748025281
748328347
748387382
748619779
748659197
748661516
749100722
749119544
749182645
749316639
749394473
749532928
749585372
749741723
749816440
749855260
749983226
750051555
750103672
750307899
750530488
750623824
750628056
750777062
750848699
751059320
751090635
751158572
751164802
751250725
751282656
751634587
751909501
751923006
751959227
751996203
752042472
752117879
752225415
752423448
752539594
752559252
752574756
752693462
752818584
752926803
753053671
753212140
753277880
753352540
753397064
753584238
753786863
753897423
753909015
754370096
754714556
754946225
754990865
755140430
755206085
755206461
755226510
755347777
755349656
755423284
755487699
755536115
755576777
755584883
755586210
755627665
755643185
755660363
755690223
755726102
755867426
755993659
756004911
756275083
756324005
756347022
756348080
756354221
756475529
756556198
756687156
757012375
757081972
757121159
757123885
757204412
757382077
757625544
757748268
757758462
757801696
757809614
757837313
757870551
757992218
758262738
758392814
758541880
758771877
758811373
758823366
759013546
759043156
759131535
759474618
759553143
759616247
759694428
759797662
759828648
760017340
760184440
760455083
760578192
760639480
760912143
760940274
761003152
761096970
761104370
761140353
761193165
761291094
761356099
761555485
761726782
761767130
761905190
762482262
762493458
762615961
762749570
762772580
762980682
763059085
763270465
763303264
763420837
763463480
763500854
763729897
763765152
763771571
764338818
764392030
764409915
764728575
764918581
764978121
765266670
765276301
765289302
765298653
765390145
765417201
765420649
765694731
765902550
766721764
766786923
766942824
766947611
767005136
767157498
767398198
767507237
767725732
767760314
767805791
767840678
768097524
768216622
768713609
768724301
768865774
768886625
768954420
769006513
769062354
769100215
769294174
769315322
769365271
769425179
769524344
769696864
769771483
769808881
769939619
770244110
770266867
770396985
770697926
770808530
771007122
771024323
771050649
771107621
771167015
771349192
771513006
771749672
771800082
771980564
772182981
772347947
772644184
772704876
772724506
772798655
772902439
773073985
773152866
773414611
773446834
773504946
773736871
774235174
774247322
774573983
774620464
774650116
774851474
774960813
775060952
775129547
775388686
775413517
775448919
775479545
775589737
775591595
775639048
775738530
775802579
775880575
775917862
775933817
776483544
776492607
776598844
776606908
776643139
776770319
776774692
776802923
776848056
776950088
776984232
777108866
777362074
777436559
777459937
777511244
777579542
777819409
778228920
778360436
778462533
778690029
778985765
779003228
779706549
780002817
780021523
780136472
780534149
780587477
780591317
780949350
780999367
781437083
781439607
781498976
781514723
781599555
781785965
781856761
781884048
781895513
781969454
781994479
782040455
782130688
782152524
782253488
782427941
782623438
782868911
783083835
783352969
783378386
783418537
783597062
783619224
783761719
783914206
783926978
784215813
784502456
784580896
784679679
784779499
784812208
784908630
785187299
785293289
785430602
785477061
785603738
785684920
785714386
785791698
785950303
786107735
786257053
786297121
786577606
786836850
786912660
786917332
787154463
787175514
787194265
787274479
787322023
787327580
787330995
787352534
787465425
787522152
787537959
787700611
787731708
787800467
787809627
787839882
787851937
787854682
787925385
788046225
788151022
788243583
788561914
788690877
788704273
789133369
789236707
789254453
789275755
789346349
789353463
789451852
789531396
789555489
789679339
789724021
789759039
789810777
789815290
789856902
789882048
789884045
789921231
789926257
790212065
790295524
790325228
790409460
790827878
790969715
791009319
791025070
791064709
791239722
791352675
791419782
791481083
791597848
791614649
791821152
791971414
792111009
792115599
792180153
792203038
792212008
792248828
792262250
792419825
792592016
792674313
792764546
792791156
792871573
792981174
793263136
793277341
793395148
793487546
793643540
794014218
794016956
794129923
794136867
794143555
794166384
794546509
794663473
794714833
794827253
794869722
794883555
794955450
795296448
795412693
795546695
795673035
795801161
795838388
795945753
796139256
796152298
796288646
796290968
796331771
796364687
796413779
796416094
796490353
796521308
796530078
796544419
796569123
796706888
796708416
796738623
796860756
796911028
796929523
796969073
797051575
797133762
797310811
797459714
797572101
797742739
797903260
797903334
797925666
797939460
798005062
798137289
798179755
798267808
798279269
798344456
798394261
798415858
798773444
798818250
799023369
799401302
799618287
799673845
799951253
800289231
800354868
800579425
800670272
800754407
800814971
800990875
801020267
801405574
801413782
801580270
801590284
801606812
801653626
802023968
802072193
802086276
802183195
802238620
802253085
802258233
802377516
802475876
802556012
802623537
802657202
802789912
802970976
803082674
803106266
803172016
803266650
803267819
803290127
803301863
803354414
803502022
803525828
803529615
803637887
803708302
803785676
803830162
803972043
804001591
804006944
804145384
804319851
804321187
804328848
804399521
804427035
804492708
804564753
804624152
805224795
805375784
805425457
805617150
805657336
805738523
805815586
805832631
805864381
805923632
805962123
806120514
806177610
806194700
806238148
806241840
806250129
806580332
806737274
807306700
807378132
807401026
807414689
807513559
807547239
807623958
807922201
807976829
808006537
808216623
808271837
808390924
808398823
808409202
808524251
808609399
808684266
808754204
809031270
809157433
809168056
809257408
809302994
809417048
809430872
809447956
809499362
809513854
809545466
809802759
809878672
810168749
810241076
810430617
810453098
810575591
810863922
810921257
811124823
811224704
811501029
811529470
811536761
811906059
811924716
811940938
812033506
812113845
812204628
812421713
812599401
812624673
812674708
812779622
812883641
813021673
813112982
813115902
813255838
813331175
813483910
813716221
813900353
814173369
814195122
814312314
814435148
814448258
814691274
814839466
814879757
814960467
814960925
814973106
815237210
815267826
815425293
815649069
815811430
815872616
816105861
816152802
816389782
816465824
816543378
816884639
816957005
817060632
817239842
817256312
817462953
817571471
817589479
817605978
817724904
817964454
818296729
818359735
818392430
818557963
818713827
818797881
818809810
818811302
818840870
818960050
819154187
819352200
819422661
819614303
819724623
819743682
819777512
819847524
819900446
819946962
820233418
820250834
820694962
820840329
820880267
821072667
821089222
821154489
821494481
821545070
821626669
821631447
821666196
821673756
821696582
821755485
821928892
822206366
822276143
822290952
822511588
822761376
823004419
823045108
823184371
823225489
823262460
823400758
823411350
823423402
823433230
823653786
824404541
824509610
824529770
824543045
824694669
824809461
824829190
824977223
824991475
825233341
825408714
825436409
825486793
825726061
826212479
826706203
826845147
826986951
827008905
827138234
827242934
827492006
827524911
827629148
827635232
828006631
828019765
828041866
828423019
828923227
829058487
829066140
829165790
829312760
829322719
829497200
829775189
829812341
830015151
830091249
830383854
830485391
830558521
831002328
831158337
831218133
831246408
831272197
831292405
831588218
831625563
831679482
831703219
831866893
831908366
832104862
832110906
832310717
832326679
832348391
832460422
832694149
832832479
832839867
832937823
832967754
833039759
833068265
833166976
833203931
833260784
833361209
833436861
833825495
833987239
834083884
834147188
834147606
834242081
834252996
834273573
834301419
834424580
834576709
834622628
834878651
835035490
835171430
835212992
835220985
835223343
835260340
835368624
835526197
835710157
835816524
835920914
836028510
836066710
836088906
836100258
836129499
836176603
836198682
836261364
836327594
836334326
836399980
836586480
836737526
836855260
836971376
836994584
837128232
837704641
837739101
837774015
837794732
837864035
838014515
838592153
838774499
838892570
839078146
839192837
839212414
839282077
839311219
839350346
839438833
839590736
839607700
839647629
839802305
839971600
840164880
840234114
840469894
840480313
840543829
840603944
840714852
840850515
840862305
840872122
841272992
841368279
841396019
841554059
841639492
841718060
841812142
841943280
841951707
841954075
841970549
842037105
842103849
842111321
842170611
842269520
842505930
842524704
842710826
842834053
842912453
843011632
843051866
843259860
843341750
843432931
843495288
843529925
843565523
843623137
843640996
843995627
843996764
844161774
844331148
844458898
844667651
844753907
844917345
844925995
844966040
845309031
845354841
845366522
845475319
845536291
845563730
845645964
845879924
846120814
846229126
846288027
846317083
846494474
846548289
846712769
846730452
846806765
846984140
847030783
847047978
847066414
847237358
847268633
847484579
847536898
847582059
847728756
848087250
848139915
848272099
848546418
848553310
848579773
848694063
848737050
849029365
849266673
849295934
849312880
849371367
849373482
849515587
849661959
849905718
849917697
850020250
850062653
850127528
850300834
850326506
850345649
850362655
850503851
850544913
850624694
850657455
850772403
851202003
851263531
851277682
851373350
851458318
851547808
852131554
852173910
852206718
852336511
852610100
852644173
852842493
853143592
853146087
853210781
853273728
853402226
853416489
853729522
853774814
853831772
853857265
854026803
854044084
854072976
854135978
854169722
854201636
854216053
854485629
854683288
854877474
854885995
855120408
855129290
855136854
855186892
855262644
855353723
855466490
855475635
855648103
856204466
856238059
856502459
856686745
856720358
857000066
857052087
857228950
857419986
857734772
857839497
857873211
858087445
858291997
858390716
858551229
858715963
858798484
858894026
859030824
859050666
859061280
859156321
859199921
859392237
859501485
859830524
860046662
860063724
860139626
860163481
860263661
860332066
860355175
860574169
860614542
860794660
861069245
861079815
861192336
861285935
861434808
861489967
861568521
861609051
861709634
861794648
861803365
861816682
861851562
861874676
861876364
861986302
862067900
862101587
862119493
862145306
862156365
862250527
862294961
862307465
862316735
862532830
862755585
862853820
863042496
863094750
863102070
863219001
863230046
863337891
863354621
863438203
863458101
863538137
863746667
863775412
864047553
864113650
864169282
864170206
864182413
864209238
864321718
864640023
864784741
864788805
864979031
865079054
865208176
865234179
865273130
865376711
865445939
865666007
865711315
865746992
865912771
866055831
866069299
866387911
866423714
866554719
866649011
866762812
866866958
866888384
867212416
867506608
867711663
867763854
868030285
868198722
868241771
868430837
868525978
868547349
868585098
869026207
869131683
869516673
869617830
869618296
869627384
869661634
870236318
870291994
870390186
870459980
870555009
870690597
870785876
870862679
870986534
870995301
871053310
871172444
871185217
871393095
871496531
871505917
871596526
871648652
871980176
872139164
872194191
872324651
872575040
872644744
872694909
872742274
872760061
872789554
872974261
873199016
873369098
873402101
873536917
873544119
873687424
873708916
873864971
873893715
874117853
874209086
874211811
874225747
874326716
874391390
874427626
874427902
874505066
874575033
874592595
874597615
874678942
874781258
874908352
874950033
875061110
875262487
875270269
875338116
875349455
875570217
875606890
875856385
875885350
875887230
875940497
875954976
876082304
876089466
876262147
876392123
876399003
876408100
876924283
876982846
877058258
877173878
877297572
877441717
877513818
877916217
877957811
878056221
878168658
878192398
878209706
878944282
879049579
879134487
879214002
879356686
879382345
879555016
879601908
879792131
879828956
879882539
880047555
880149514
880186131
880331472
880358906
880592984
880634963
880773257
880773539
880799823
880902246
881069438
881321452
881488410
881843661
881984732
882102592
882168941
882430207
882482099
882578861
882633587
882825275
883045113
883128405
883128702
883174370
883399930
883644681
883679355
883684151
883689137
883804843
883939291
883957380
884054988
884161953
884256956
884478330
884573999
884603444
884631563
884727723
884731395
884797782
885225275
885331173
885334273
885373746
885400185
885543375
885597043
885801757
885810221
886061206
886358032
886395674
886539178
886699880
886751992
886850529
886941625
887263391
887350659
887386801
887459949
887499073
887602636
887808780
887910083
887963286
888017297
888049983
888196708
888476746
888653745
888725362
888902641
888992634
889073543
889118140
889202150
889349992
889365921
889383105
889524861
889558282
889661720
890094041
890321464
890354067
890570962
890580235
890598343
890600114
890705731
891004602
891025167
891396580
891456232
891559450
891665980
891729386
891816150
891923937
891960919
891979902
892236092
892357998
892368863
892544700
892657444
892754357
892851053
892956227
893166058
893369229
893437897
893495570
893536450
893582083
893695065
893747235
893896094
893908677
894137367
894165706
894231676
894361501
894364230
894390085
894459339
894470393
894511095
894519491
894538089
894565793
894656024
894752982
894760383
894840162
894908934
894929409
895015175
895133189
895206286
895271606
895403821
895419940
895447431
895573200
895700524
895750363
895846814
895973144
896054722
896103566
896113951
896291444
896378824
896444464
896576618
896619929
896660212
896966884
897169499
897447308
897448646
897554464
897783051
897925223
897950613
898018894
898066094
898180812
898233145
898239934
898307382
898344222
898511287
898583256
898599520
898602280
898636838
898674000
898722317
898807340
898815881
899182173
899378743
899427508
899542331
899582382
899628980
899697898
899948074
899982947
900004989
900171387
900434565
900518025
900778553
900851138
900875630
900888886
900924405
901068812
901088739
901566857
901615417
901621829
901726876
902105094
902123359
902293343
902446148
902491286
902531303
902733429
902775915
902781615
902881641
903028059
903661614
903737736
903758510
903780861
903914575
904132231
904163641
904165918
904286676
904403125
904892879
905338337
905416191
905428950
905662769
906030318
906174449
906574675
906583595
906654244
906697300
906756570
907104993
907237650
907323052
907597151
907646558
907679596
907832481
907879419
907889115
907901095
907944130
907952629
908082507
908093733
908238581
908239635
908352152
908475828
908567889
908694882
909051265
909203397
909342499
909433767
909507592
909548755
909643905
909725551
909805099
909874671
909942888
910170615
910180613
910423623
910445040
910545511
910612661
910635938
910647202
910716655
910826606
910924654
910942674
910972983
910982384
910997073
911163194
911239468
911296910
911346190
911361498
911507252
911543058
911656991
911783306
911810001
912044325
912060305
912120117
912335039
912500972
912656091
912669785
912789284
913093710
913188078
913226804
913236192
913324541
913415267
913587013
913959271
913962025
913992022
914110070
914166613
914175247
914258298
914285329
914441114
914530358
914544593
914783805
914909104
914922331
915028532
915170946
915293404
915639288
915644579
915967364
915967792
916011573
916102498
916146584
916333094
916349577
916421156
916622092
916634339
916653238
916692463
916779262
916781877
916782433
916829164
916864945
916887576
916898639
916907843
916970314
916998972
917021414
917167541
917199834
917360795
917363296
917364378
917367265
917394007
917576764
917623338
917816154
917928877
917976874
918033678
918112059
918310281
918436231
918822542
918914161
919019975
919117271
919124283
919247194
919691822
919777172
919822475
919863657
919886929
919975731
920172633
920246733
920468912
920676938
920706767
920718797
920725633
920823776
920901797
920947249
921119771
921156189
921314395
921382198
921476810
921489805
921568635
921608939
921617833
921753885
921846745
921858618
922039476
922139183
922294220
922464456
922595613
922814233
922901012
923145901
923261744
923396164
923410317
923433990
923499033
923559844
923653574
923673828
923680316
923683739
923938497
923947209
924330462
924535409
924625381
924671156
924713362
924714984
924748420
925095656
925196608
925523456
925536381
925644272
925785375
925790931
925905661
926049270
926173852
926494801
926523569
926771791
926772545
926881004
926989164
927090429
927154990
927505823
927573267
927609831
927741631
927767676
927834625
928013499
928119754
928132368
928243472
928300727
928461387
928544028
928556098
928572793
928977435
929002531
929177912
929199491
929580078
929708930
929852847
929914077
930159539
930227521
930592326
930723572
930960905
931097333
931319181
931423773
931748953
931893349
931927654
931997075
932026908
932080517
932300037
932309270
932412292
932474107
932699637
932709888
932720462
932772539
932787671
932796037
932917771
932964739
933040352
933045717
933082267
933311039
933331979
933418447
933451341
933636180
933679864
933808105
934001635
934148681
934177470
934295523
934389541
934554579
934708755
934747675
934826880
934833667
934862504
934914349
935002789
935030974
935041148
935297105
935450034
935503916
935555513
935923533
935956526
936038787
936055404
936145501
936370850
936488753
936801734
936836386
936969697
937017934
937053644
937129639
937130310
937164914
937268487
937273783
937308373
937420689
937426675
937550049
937550649
937666545
937695765
937815986
937863990
937897081
937937149
937986141
938093126
938238999
938529409
938633893
938640852
938770745
939088151
939226733
939272603
939298412
939405541
939514420
939630733
939736281
939792015
939806918
939904723
940034148
940055747
940059741
940160087
940193412
940474231
940488017
940511207
940540389
940596162
940865994
940943104
940981945
941059002
941373377
941644432
942013255
942225656
942315658
942323297
942380401
942403640
942511352
942795804
942848018
942906716
943032988
943038095
943278903
943324065
943434182
943437344
943651573
943761476
943812295
943827165
943865908
943926258
944054047
944085843
944096726
944120643
944156068
944223159
944273760
944307683
944325011
944408548
944477048
944683513
944715040
944799831
944810289
945119979
945125512
945155019
945305665
945376857
945410602
945465381
945552726
945694675
945754882
945906947
945949304
945989844
946053459
946067803
946084139
946123630
946137846
946223760
946315800
946407667
946450421
946542353
946687928
946856184
946874270
947207093
947302927
947530680
947823402
947882478
948033983
948152281
948190207
948265142
948412212
948521301
948676299
948681448
949086732
949304725
949515097
949707681
949721356
949785276
949824860
950031310
950295120
950301589
950318661
950403049
950495986
950562408
950620253
950657174
950768373
950775868
950870482
951118201
951213863
951414422
951421832
951430569
951456387
951465341
951549300
951559491
951671829
951795873
951848393
951978706
952356902
952559321
952587895
952594975
952674984
952689043
952709555
952787927
952858385
952887273
952960787
953325669
953344699
953347812
953366116
953587347
953595032
953834478
953863983
953925156
954020442
954123523
954322835
954331359
954340521
954374621
954379058
954389533
954541066
954620559
954633427
954678798
955005466
955041272
955098945
955248188
955470323
955502221
955524383
955559120
955725417
955747903
955782328
956021639
956170291
956238280
956282838
956301014
956546774
956919618
956994254
957083128
957117874
957269017
957418477
957508436
957541564
957565419
957603490
957746543
957760171
957845267
958017057
958125098
958285837
958368151
958368568
958368720
958642694
958677755
958839753
958895930
959022760
959039059
959121447
959131065
959533484
959551709
959601615
959676308
959927591
959963523
960084109
960091767
960281548
960387928
960464857
960495135
960525791
960561922
960583424
960593453
960598895
960610180
960711414
960718516
960919751
960971173
961071878
961239783
961249879
961409425
961466030
961550239
961707314
961762674
961918688
962053302
962198183
962308933
962425879
962527125
962726446
962832238
962941535
963384891
963433401
963437368
963450343
963460796
963769923
963877204
964189596
964226945
964268725
964407729
964513702
964537454
964540871
964586388
964625072
964639348
964640544
964829111
964874129
964937043
965027857
965128034
965271423
965387655
965686950
965901673
966162050
966214017
966254217
966300388
966307608
966327977
966366550
966467286
966477524
966616254
966907456
966953642
967138865
967208977
967220787
967259025
967364374
967536889
967619796
967921103
968134745
968160871
968198905
968206254
968369504
968464721
968492866
968534476
968768962
968838067
968863842
968972408
969126819
969175245
969181412
969194277
969229584
969265567
969413871
970039155
970051612
970195143
970311205
970473192
970530114
970540119
970727188
970873836
970959808
970968000
971045925
971231756
971291975
971367511
971378953
971935495
972069894
972087134
972121640
972187636
972269985
972327555
972331760
972527678
972625728
972634465
972682939
972954301
972967893
973006114
973031180
973163815
973200280
973455818
973513411
973774846
973853735
973872600
973932790
974062795
974066959
974075716
974273095
974432048
974508583
974559588
974561774
974563789
974648012
974754250
974896315
975063839
975346663
975715071
975738143
975792661
976134603
976153691
976345038
976455534
976747651
976765193
976841987
976878996
976988668
976990519
977005720
977060957
977173038
977962494
978300941
978653701
978732452
978805614
978990547
979185748
979363623
979735742
980004690
980020010
980084858
980216416
980254694
980316563
980449886
980507463
980715671
980720056
980866312
980982773
981007773
981079297
981176415
981260274
981290996
981421536
981637986
981742190
981772349
981829916
981893396
981935824
982019790
982181245
982234463
982367615
982413140
982423472
982501243
982636584
982832146
982867965
982923000
982968687
983008625
983038476
983142141
983177108
983267701
983278098
983283228
983341515
983397537
983527919
983570020
983624201
983669072
983890433
984246993
984408880
984470056
984716497
984843967
984890718
985121513
985171304
985198745
985369917
985378202
985389295
985390116
985596129
985764651
985872744
985932039
985979618
986007789
986111782
986210709
986230245
986344935
986380315
986424240
986433620
986555470
986800367
986862187
986863209
987038001
987056514
987294834
987326644
987555364
987556492
987565782
987721891
987962697
987984062
988227577
988243799
988269308
988457272
988463544
988470172
988653565
988686888
988718199
988725910
988991657
989396359
989616043
989634072
989693869
989779949
989831469
990130460
990235495
990394984
990463603
990591932
990619092
991000086
991274889
991302094
991646188
991732430
991770483
991862326
991892847
991979939
992147936
992315783
992482007
992561239
992606944
992705274
992722036
992731403
992734429
992902568
993017493
993342036
993361495
993371275
993473393
993475124
993479261
993605883
993887983
994625012
994712569
994805972
994929034
995178487
995197724
995218916
995240799
995306013
995360238
995362755
995538446
995565981
995646515
995653220
995864662
995928250
996396090
996417832
996470531
996611890
996668093
996672983
996883417
996900000
997149022
997190388
997206077
997486674
997752012
997769969
997841656
997858859
997879510
997956209
998001676
998047758
998274384
998284873
998310490
998395344
998650118
998667818
998869131
998913915
999130681
999253411
999284613
999376322
999378061
999487303
999633725
999932503
1000307694
1000440661
1000606493
1000702419
1000831764
1000981910
1001078897
1001394295
1001424987
1001561206
1001687867
1001802217
1002003022
1002074531
1002330225
1002666974
1002791634
1003142106
1003161625
1003221706
1003267402
1003295792
1003325786
1003434069
1003444478
1003669452
1003715788
1003777065
1003980848
1003999451
1004148612
1004197510
1004437526
1004509685
1004536039
1004545411
1004685071
1004732635
1004911682
1004935570
1004944984
1005062258
1005304760
1005502650
1005606927
1005619156
1005665090
1005722358
1005954096
1005980059
1006350855
1006396222
1006445932
1006575184
1006616227
1006622364
1006633604
1006697825
1006853490
1006909415
1007039774
1007047650
1007085295
1007336698
1007375442
1007508143
1007547684
1007677055
1007715801
1007753824
1007817614
1007939363
1008029510
1008036024
1008125895
1008149726
1008400444
1008873959
1008930267
1008986897
1009042398
1009129918
1009310612
1009328723
1009362493
1009373488
1009933480
1009974047
1009980026
1010262737
1010314708
1010559772
1010718945
1010964592
1011059079
1011199207
1011354060
1011612836
1011641319
1011733299
1011755286
1012081116
1012297591
1012367329
1012444704
1012505935
1012672894
1012856264
1012898253
1012984712
1013187013
1013303637
1013310466
1013373128
1013386351
1013398696
1013440866
1013566525
1013596290
1013653501
1013737072
1013764766
1013936738
1014011710
1014051423
1014132412
1014314486
1014323895
1014397367
1014854561
1014866769
1014928758
1015105156
1015196759
1015380012
1015406968
1015827628
1015903746
1015909203
1015919992
1016033780
1016040054
1016088353
1016256958
1016278976
1016283694
1016307436
1016316027
1016562467
1016811137
1016933206
1017000679
1017013096
1017071092
1017290318
1017402799
1017519705
1017567115
1017601613
1017658556
1017711365
1017734942
1017798797
1018018293
1018036944
1018245772
1018393693
1018753551
1019008291
1019035114
1019129358
1019282626
1019342914
1019459237
1019692250
1019695452
1019719158
1019783567
1019863297
1019865936
1019911715
1019971108
1020004424
1020007186
1020021783
1020027592
1020051119
1020099138
1020127895
1020180132
1020318362
1020321829
1020467548
1021059381
1021071110
1021085722
1021140777
1021210045
1021432015
1021506075
1021539503
1021743961
1021817227
1021925682
1021967218
1022079273
1022097884
1022142955
1022388217
1022437676
1022538648
1022703289
1023085408
1023186434
1023236813
1023487771
1023498268
1023531722
1023573035
1023601962
1023756871
1023784377
1023864917
1023927373
1024034452
1024296953
1024325556
1024538735
1024807626
1024864982
1024882879
1024954581
1025291037
1025646151
1025665354
1025770025
1025776071
1025851825
1025932942
1026078528
1026213070
1026253075
1026300083
1026515521
1026713737
1027115788
1027361881
1027363707
1027372262
1027450734
1027484491
1027549640
1027582511
1027651244
1027677571
1027762861
1027863840
1028016743
1028320794
1028509905
1028618407
1028672093
1028840057
1028926866
1028945643
1028949083
1028975898
1029079759
1029157546
1029164038
1029279208
1029408630
1029532354
1029785920
1029803971
1029843337
1029871057
1029893523
1029969519
1030181269
1030228077
1030262092
1030383095
1030420567
1030481281
1030488863
1030528838
1030685436
1030934169
1031039523
1031065793
1031131324
1031146989
1031482956
1031743138
1031940317
1031983461
1032018415
1032063998
1032108040
1032187586
1032289134
1032334718
1032355073
1032642738
1032988198
1033196655
1033268976
1033300886
1033547021
1033601631
1033615147
1033671354
1033696288
1033729301
1034005562
1034376641
1034787476
1034943549
1035039515
1035311237
1035619611
1035690864
1035705331
1035726382
1035734137
1035765768
1035907090
1035938593
1035969522
1035982139
1036028292
1036170996
1036263409
1036305655
1036324939
1036380966
1036407365
1036467029
1036624033
1036637641
1036638107
1036684315
1036711823
1036731557
1036786689
1036808169
1036826510
1036920375
1036977400
1037150857
1037209394
1037314141
1037495132
1037584927
1037794073
1037922302
1038181266
1038246542
1038325146
1038679706
1038888312
1038942800
1039001364
1039053217
1039087119
1039650456
1039786841
1039799784
1039846180
1039881155
1039938769
1040115948
1040262194
1040269409
1040411561
1040514283
1040519585
1040698246
1041082392
1041124559
1041189328
1041192180
1041223056
1041304974
1041490126
1041499940
1041754855
1042204010
1042243067
1042340120
1042356190
1042395828
1042474738
1042514630
1042533994
1042543158
1042724895
1042783031
1042891216
1043049091
1043209610
1043233988
1043458055
1043501881
1043618841
1043862405
1043950005
1044073087
1044338068
1044356376
1044794679
1044804466
1044982010
1045019925
1045176503
1045196222
1045225756
1045239824
1045468009
1045479228
1045561918
1045566004
1045650933
1045716925
1045752924
1045833104
1045927806
1046201028
1046349821
1046425514
1046520715
1046538755
1046634110
1046786534
1047086921
1047103341
1047159534
1047256420
1047381840
1047605533
1047668076
1047713872
1047816821
1047907402
1048007347
1048017540
1048077629
1048089279
1048115361
1048336951
1048389435
1048669098
1048789272
1048814940
1048835699
1048891598
1049033264
1049101634
1049196680
1049447744
1049488214
1049520677
1049552172
1049683514
1049744706
1050137681
1050153801
1050176929
1050204339
1050308680
1050382100
1050406024
1050492891
1050728009
1050746271
1050806704
1050902958
1050945198
1050969081
1050980150
1051213130
1051358802
1051520517
1051764792
1051956916
1052187358
1052217089
1052224547
1052400708
1052437866
1052544931
1052598449
1052682833
1052984134
1053018647
1053025239
1053492204
1053605773
1053665081
1053853774
1053874053
1054007934
1054130378
1054142762
1054191651
1054305687
1054329388
1054398388
1054404066
1054619262
1054856187
1054864473
1054869403
1054876130
1055013641
1055120719
1055141553
1055264864
1055327931
1055415265
1055481260
1055560765
1055672429
1055843394
1056038935
1056329426
1056518879
1056532422
1056626777
1056637339
1056924064
1057072183
1057118634
1057135842
1057251307
1057694838
1057696377
1057789271
1057975536
1057985971
1057990514
1057992958
1057995520
1058076892
1058145695
1058166448
1058216667
1058322100
1058403184
1058565895
1058603180
1058794040
1058807172
1058947526
1058983786
1059325829
1059523269
1059594698
1059648099
1059773167
1059818671
1059826815
1059899183
1059912667
1059938379
1060042138
1060599579
1060640726
1060648976
1060652176
1060738447
1060793948
1060865461
1060940787
1061147557
1061296957
1061491397
1061525034
1061718147
1061802077
1062183206
1062186798
1062191626
1062201857
1062371259
1062375590
1062748326
1062897179
1062919610
1062956073
1062988545
1063270263
1063450596
1063722786
1063833635
1063900507
1063920569
1063976417
1064036176
1064060239
1064100611
1064256621
1064574912
1064768742
1064779574
1064809408
1064893198
1065517811
1065562201
1065653706
1065659347
1065867183
1066000645
1066330136
1066382427
1066584564
1066840011
1066895132
1067004733
1067280005
1067443527
1067447168
1067499556
1067679169
1067760688
1067819240
1068378399
1068484561
1068675467
1068720545
1068810566
1068933264
1068945869
1069073296
1069117107
1069169215
1069379136
1069423714
1069454909
1069703736
1069707156
1069755859
1069830855
1069855890
1069934702
1069963853
1069993922
1070035818
1070316932
1070327893
1070809801
1070871958
1070878542
1070953639
1070976106
1071259360
1071401014
1071508966
1071737935
1071760899
1071836838
1071857258
1071888367
1071899894
1071966711
1071972681
1071993376
1072138447
1072156092
1072237758
1072468214
1072594785
1072681596
1072759304
1072763731
1072968955
1073043085
1073078184
1073088780
1073195032
1073267989
1073322146
1073460985
1073734803
